<?xml version="1.0" encoding="UTF-8"?>
<coverage generated="1666108413083" clover="3.2.0">
  <project timestamp="1666108413083" name="All files">
    <metrics statements="21" coveredstatements="16" conditionals="8" coveredconditionals="5" methods="10" coveredmethods="9" elements="39" coveredelements="30" complexity="0" loc="21" ncloc="21" packages="2" files="2" classes="2"/>
    <package name="src">
      <metrics statements="11" coveredstatements="6" conditionals="6" coveredconditionals="3" methods="3" coveredmethods="2"/>
      <file name="App.tsx" path="/Users/justinas/Documents/repos/microgogool/client/src/App.tsx">
        <metrics statements="11" coveredstatements="6" conditionals="6" coveredconditionals="3" methods="3" coveredmethods="2"/>
        <line num="21" count="7" type="stmt"/>
        <line num="22" count="7" type="stmt"/>
        <line num="23" count="7" type="stmt"/>
        <line num="25" count="7" type="stmt"/>
        <line num="26" count="7" type="cond" truecount="1" falsecount="1"/>
        <line num="27" count="0" type="stmt"/>
        <line num="28" count="0" type="stmt"/>
        <line num="29" count="0" type="stmt"/>
        <line num="30" count="0" type="stmt"/>
        <line num="31" count="0" type="stmt"/>
        <line num="36" count="7" type="stmt"/>
      </file>
    </package>
    <package name="src.Components.ContentSecComponents">
      <metrics statements="10" coveredstatements="10" conditionals="2" coveredconditionals="2" methods="7" coveredmethods="7"/>
      <file name="MainPath.tsx" path="/Users/justinas/Documents/repos/microgogool/client/src/Components/ContentSecComponents/MainPath.tsx">
        <metrics statements="10" coveredstatements="10" conditionals="2" coveredconditionals="2" methods="7" coveredmethods="7"/>
        <line num="14" count="3" type="stmt"/>
        <line num="16" count="3" type="stmt"/>
        <line num="17" count="2" type="stmt"/>
        <line num="19" count="1" type="stmt"/>
        <line num="21" count="1" type="stmt"/>
        <line num="26" count="3" type="stmt"/>
        <line num="31" count="3" type="stmt"/>
        <line num="35" count="5" type="stmt"/>
        <line num="44" count="30" type="cond" truecount="2" falsecount="0"/>
        <line num="45" count="15" type="stmt"/>
      </file>
    </package>
  </project>
</coverage>
