{"/Users/justinas/Documents/repos/microgogool/client/src/App.js": {"path":"/Users/justinas/Documents/repos/microgogool/client/src/App.js","statementMap":{"0":{"start":{"line":18,"column":44},"end":{"line":18,"column":59}},"1":{"start":{"line":21,"column":2},"end":{"line":37,"column":4}}},"fnMap":{"0":{"name":"App","decl":{"start":{"line":16,"column":9},"end":{"line":16,"column":12}},"loc":{"start":{"line":16,"column":15},"end":{"line":38,"column":1}},"line":16}},"branchMap":{"0":{"loc":{"start":{"line":24,"column":6},"end":{"line":31,"column":9}},"type":"cond-expr","locations":[{"start":{"line":24,"column":23},"end":{"line":24,"column":76}},{"start":{"line":25,"column":7},"end":{"line":31,"column":9}}],"line":24}},"s":{"0":3,"1":3},"f":{"0":3},"b":{"0":[3,0]},"_coverageSchema":"1a1c01bbd47fc00a2c39e90264f33305004495a9","hash":"5b12f0131ce0719829776b1f923990e0d50ebf62"}
,"/Users/justinas/Documents/repos/microgogool/client/src/firebase.js": {"path":"/Users/justinas/Documents/repos/microgogool/client/src/firebase.js","statementMap":{"0":{"start":{"line":7,"column":23},"end":{"line":14,"column":1}},"1":{"start":{"line":17,"column":19},"end":{"line":17,"column":48}}},"fnMap":{},"branchMap":{},"s":{"0":1,"1":1},"f":{},"b":{},"_coverageSchema":"1a1c01bbd47fc00a2c39e90264f33305004495a9","hash":"1d2d0d268fdc5c6399c19b62b4b2be6ed6cfb7b3"}
,"/Users/justinas/Documents/repos/microgogool/client/src/Components/Authentication/Login.jsx": {"path":"/Users/justinas/Documents/repos/microgogool/client/src/Components/Authentication/Login.jsx","statementMap":{"0":{"start":{"line":9,"column":44},"end":{"line":9,"column":56}},"1":{"start":{"line":12,"column":8},"end":{"line":12,"column":27}},"2":{"start":{"line":14,"column":22},"end":{"line":14,"column":60}},"3":{"start":{"line":15,"column":25},"end":{"line":15,"column":66}},"4":{"start":{"line":17,"column":8},"end":{"line":20,"column":9}},"5":{"start":{"line":18,"column":12},"end":{"line":18,"column":52}},"6":{"start":{"line":19,"column":12},"end":{"line":19,"column":19}},"7":{"start":{"line":21,"column":8},"end":{"line":24,"column":9}},"8":{"start":{"line":22,"column":12},"end":{"line":22,"column":55}},"9":{"start":{"line":23,"column":12},"end":{"line":23,"column":19}},"10":{"start":{"line":26,"column":21},"end":{"line":26,"column":33}},"11":{"start":{"line":27,"column":8},"end":{"line":48,"column":11}},"12":{"start":{"line":28,"column":12},"end":{"line":46,"column":14}},"13":{"start":{"line":30,"column":12},"end":{"line":30,"column":39}},"14":{"start":{"line":33,"column":12},"end":{"line":33,"column":35}},"15":{"start":{"line":34,"column":12},"end":{"line":45,"column":13}},"16":{"start":{"line":35,"column":16},"end":{"line":35,"column":50}},"17":{"start":{"line":36,"column":16},"end":{"line":36,"column":23}},"18":{"start":{"line":37,"column":19},"end":{"line":45,"column":13}},"19":{"start":{"line":38,"column":16},"end":{"line":38,"column":50}},"20":{"start":{"line":39,"column":16},"end":{"line":39,"column":23}},"21":{"start":{"line":40,"column":19},"end":{"line":45,"column":13}},"22":{"start":{"line":41,"column":16},"end":{"line":41,"column":82}},"23":{"start":{"line":43,"column":16},"end":{"line":43,"column":86}},"24":{"start":{"line":44,"column":16},"end":{"line":44,"column":23}},"25":{"start":{"line":51,"column":4},"end":{"line":66,"column":6}},"26":{"start":{"line":53,"column":30},"end":{"line":53,"column":44}},"27":{"start":{"line":63,"column":76},"end":{"line":63,"column":116}}},"fnMap":{"0":{"name":"Login","decl":{"start":{"line":7,"column":9},"end":{"line":7,"column":14}},"loc":{"start":{"line":7,"column":21},"end":{"line":67,"column":1}},"line":7},"1":{"name":"checkSubmit","decl":{"start":{"line":11,"column":19},"end":{"line":11,"column":30}},"loc":{"start":{"line":11,"column":33},"end":{"line":49,"column":5}},"line":11},"2":{"name":"loginUser","decl":{"start":{"line":27,"column":18},"end":{"line":27,"column":27}},"loc":{"start":{"line":27,"column":29},"end":{"line":48,"column":8}},"line":27},"3":{"name":"(anonymous_3)","decl":{"start":{"line":29,"column":17},"end":{"line":29,"column":18}},"loc":{"start":{"line":29,"column":37},"end":{"line":31,"column":12}},"line":29},"4":{"name":"(anonymous_4)","decl":{"start":{"line":32,"column":18},"end":{"line":32,"column":19}},"loc":{"start":{"line":32,"column":29},"end":{"line":46,"column":12}},"line":32},"5":{"name":"(anonymous_5)","decl":{"start":{"line":53,"column":24},"end":{"line":53,"column":25}},"loc":{"start":{"line":53,"column":29},"end":{"line":53,"column":45}},"line":53},"6":{"name":"(anonymous_6)","decl":{"start":{"line":63,"column":71},"end":{"line":63,"column":72}},"loc":{"start":{"line":63,"column":75},"end":{"line":63,"column":117}},"line":63}},"branchMap":{"0":{"loc":{"start":{"line":17,"column":8},"end":{"line":20,"column":9}},"type":"if","locations":[{"start":{"line":17,"column":8},"end":{"line":20,"column":9}},{"start":{},"end":{}}],"line":17},"1":{"loc":{"start":{"line":21,"column":8},"end":{"line":24,"column":9}},"type":"if","locations":[{"start":{"line":21,"column":8},"end":{"line":24,"column":9}},{"start":{},"end":{}}],"line":21},"2":{"loc":{"start":{"line":34,"column":12},"end":{"line":45,"column":13}},"type":"if","locations":[{"start":{"line":34,"column":12},"end":{"line":45,"column":13}},{"start":{"line":37,"column":19},"end":{"line":45,"column":13}}],"line":34},"3":{"loc":{"start":{"line":37,"column":19},"end":{"line":45,"column":13}},"type":"if","locations":[{"start":{"line":37,"column":19},"end":{"line":45,"column":13}},{"start":{"line":40,"column":19},"end":{"line":45,"column":13}}],"line":37},"4":{"loc":{"start":{"line":40,"column":19},"end":{"line":45,"column":13}},"type":"if","locations":[{"start":{"line":40,"column":19},"end":{"line":45,"column":13}},{"start":{"line":42,"column":18},"end":{"line":45,"column":13}}],"line":40}},"s":{"0":5,"1":4,"2":4,"3":4,"4":4,"5":2,"6":2,"7":2,"8":0,"9":0,"10":2,"11":2,"12":2,"13":1,"14":0,"15":0,"16":0,"17":0,"18":0,"19":0,"20":0,"21":0,"22":0,"23":0,"24":0,"25":5,"26":4,"27":0},"f":{"0":5,"1":4,"2":2,"3":1,"4":0,"5":4,"6":0},"b":{"0":[2,2],"1":[0,2],"2":[0,0],"3":[0,0],"4":[0,0]},"_coverageSchema":"1a1c01bbd47fc00a2c39e90264f33305004495a9","hash":"52fc202492385be7c050004a8e87e43fce10cc9d"}
,"/Users/justinas/Documents/repos/microgogool/client/src/Components/Authentication/Signup.jsx": {"path":"/Users/justinas/Documents/repos/microgogool/client/src/Components/Authentication/Signup.jsx","statementMap":{"0":{"start":{"line":7,"column":44},"end":{"line":7,"column":56}},"1":{"start":{"line":10,"column":8},"end":{"line":10,"column":27}},"2":{"start":{"line":11,"column":25},"end":{"line":11,"column":77}},"3":{"start":{"line":12,"column":8},"end":{"line":12,"column":28}},"4":{"start":{"line":15,"column":22},"end":{"line":15,"column":60}},"5":{"start":{"line":16,"column":23},"end":{"line":16,"column":62}},"6":{"start":{"line":17,"column":25},"end":{"line":17,"column":66}},"7":{"start":{"line":18,"column":26},"end":{"line":18,"column":68}},"8":{"start":{"line":21,"column":8},"end":{"line":24,"column":9}},"9":{"start":{"line":22,"column":12},"end":{"line":22,"column":50}},"10":{"start":{"line":23,"column":12},"end":{"line":23,"column":19}},"11":{"start":{"line":25,"column":8},"end":{"line":28,"column":9}},"12":{"start":{"line":26,"column":12},"end":{"line":26,"column":67}},"13":{"start":{"line":27,"column":12},"end":{"line":27,"column":19}},"14":{"start":{"line":29,"column":8},"end":{"line":32,"column":9}},"15":{"start":{"line":30,"column":12},"end":{"line":30,"column":57}},"16":{"start":{"line":31,"column":12},"end":{"line":31,"column":19}},"17":{"start":{"line":35,"column":8},"end":{"line":38,"column":9}},"18":{"start":{"line":36,"column":12},"end":{"line":36,"column":53}},"19":{"start":{"line":37,"column":12},"end":{"line":37,"column":19}},"20":{"start":{"line":39,"column":8},"end":{"line":42,"column":9}},"21":{"start":{"line":40,"column":12},"end":{"line":40,"column":70}},"22":{"start":{"line":41,"column":12},"end":{"line":41,"column":19}},"23":{"start":{"line":45,"column":21},"end":{"line":45,"column":33}},"24":{"start":{"line":46,"column":8},"end":{"line":71,"column":8}},"25":{"start":{"line":47,"column":9},"end":{"line":69,"column":11}},"26":{"start":{"line":49,"column":12},"end":{"line":59,"column":13}},"27":{"start":{"line":50,"column":16},"end":{"line":50,"column":43}},"28":{"start":{"line":51,"column":16},"end":{"line":51,"column":64}},"29":{"start":{"line":52,"column":16},"end":{"line":52,"column":89}},"30":{"start":{"line":53,"column":16},"end":{"line":53,"column":93}},"31":{"start":{"line":54,"column":16},"end":{"line":58,"column":25}},"32":{"start":{"line":55,"column":20},"end":{"line":55,"column":40}},"33":{"start":{"line":56,"column":20},"end":{"line":56,"column":91}},"34":{"start":{"line":57,"column":20},"end":{"line":57,"column":99}},"35":{"start":{"line":62,"column":12},"end":{"line":62,"column":35}},"36":{"start":{"line":63,"column":12},"end":{"line":65,"column":13}},"37":{"start":{"line":64,"column":16},"end":{"line":64,"column":61}},"38":{"start":{"line":66,"column":12},"end":{"line":68,"column":13}},"39":{"start":{"line":67,"column":16},"end":{"line":67,"column":59}},"40":{"start":{"line":74,"column":4},"end":{"line":96,"column":6}},"41":{"start":{"line":76,"column":34},"end":{"line":76,"column":48}},"42":{"start":{"line":93,"column":80},"end":{"line":93,"column":120}}},"fnMap":{"0":{"name":"Signup","decl":{"start":{"line":5,"column":9},"end":{"line":5,"column":15}},"loc":{"start":{"line":5,"column":23},"end":{"line":97,"column":1}},"line":5},"1":{"name":"checkSubmit","decl":{"start":{"line":9,"column":19},"end":{"line":9,"column":30}},"loc":{"start":{"line":9,"column":33},"end":{"line":72,"column":5}},"line":9},"2":{"name":"createUser","decl":{"start":{"line":46,"column":24},"end":{"line":46,"column":34}},"loc":{"start":{"line":46,"column":36},"end":{"line":71,"column":5}},"line":46},"3":{"name":"(anonymous_3)","decl":{"start":{"line":48,"column":14},"end":{"line":48,"column":15}},"loc":{"start":{"line":48,"column":34},"end":{"line":60,"column":9}},"line":48},"4":{"name":"(anonymous_4)","decl":{"start":{"line":54,"column":27},"end":{"line":54,"column":28}},"loc":{"start":{"line":54,"column":33},"end":{"line":58,"column":17}},"line":54},"5":{"name":"(anonymous_5)","decl":{"start":{"line":61,"column":15},"end":{"line":61,"column":16}},"loc":{"start":{"line":61,"column":26},"end":{"line":69,"column":9}},"line":61},"6":{"name":"(anonymous_6)","decl":{"start":{"line":76,"column":28},"end":{"line":76,"column":29}},"loc":{"start":{"line":76,"column":33},"end":{"line":76,"column":49}},"line":76},"7":{"name":"(anonymous_7)","decl":{"start":{"line":93,"column":75},"end":{"line":93,"column":76}},"loc":{"start":{"line":93,"column":79},"end":{"line":93,"column":121}},"line":93}},"branchMap":{"0":{"loc":{"start":{"line":21,"column":8},"end":{"line":24,"column":9}},"type":"if","locations":[{"start":{"line":21,"column":8},"end":{"line":24,"column":9}},{"start":{},"end":{}}],"line":21},"1":{"loc":{"start":{"line":25,"column":8},"end":{"line":28,"column":9}},"type":"if","locations":[{"start":{"line":25,"column":8},"end":{"line":28,"column":9}},{"start":{},"end":{}}],"line":25},"2":{"loc":{"start":{"line":29,"column":8},"end":{"line":32,"column":9}},"type":"if","locations":[{"start":{"line":29,"column":8},"end":{"line":32,"column":9}},{"start":{},"end":{}}],"line":29},"3":{"loc":{"start":{"line":35,"column":8},"end":{"line":38,"column":9}},"type":"if","locations":[{"start":{"line":35,"column":8},"end":{"line":38,"column":9}},{"start":{},"end":{}}],"line":35},"4":{"loc":{"start":{"line":39,"column":8},"end":{"line":42,"column":9}},"type":"if","locations":[{"start":{"line":39,"column":8},"end":{"line":42,"column":9}},{"start":{},"end":{}}],"line":39},"5":{"loc":{"start":{"line":49,"column":12},"end":{"line":59,"column":13}},"type":"if","locations":[{"start":{"line":49,"column":12},"end":{"line":59,"column":13}},{"start":{},"end":{}}],"line":49},"6":{"loc":{"start":{"line":63,"column":12},"end":{"line":65,"column":13}},"type":"if","locations":[{"start":{"line":63,"column":12},"end":{"line":65,"column":13}},{"start":{},"end":{}}],"line":63},"7":{"loc":{"start":{"line":66,"column":12},"end":{"line":68,"column":13}},"type":"if","locations":[{"start":{"line":66,"column":12},"end":{"line":68,"column":13}},{"start":{},"end":{}}],"line":66}},"s":{"0":0,"1":0,"2":0,"3":0,"4":0,"5":0,"6":0,"7":0,"8":0,"9":0,"10":0,"11":0,"12":0,"13":0,"14":0,"15":0,"16":0,"17":0,"18":0,"19":0,"20":0,"21":0,"22":0,"23":0,"24":0,"25":0,"26":0,"27":0,"28":0,"29":0,"30":0,"31":0,"32":0,"33":0,"34":0,"35":0,"36":0,"37":0,"38":0,"39":0,"40":0,"41":0,"42":0},"f":{"0":0,"1":0,"2":0,"3":0,"4":0,"5":0,"6":0,"7":0},"b":{"0":[0,0],"1":[0,0],"2":[0,0],"3":[0,0],"4":[0,0],"5":[0,0],"6":[0,0],"7":[0,0]},"_coverageSchema":"1a1c01bbd47fc00a2c39e90264f33305004495a9","hash":"50f3c4b8a5600a33c950309c2379f69ebf02d0ee"}
}
