{"/Users/justinas/Documents/repos/microgogool/client/src/App.tsx": {"path":"/Users/justinas/Documents/repos/microgogool/client/src/App.tsx","statementMap":{"0":{"start":{"line":21,"column":24},"end":{"line":21,"column":36}},"1":{"start":{"line":22,"column":44},"end":{"line":22,"column":59}},"2":{"start":{"line":23,"column":48},"end":{"line":23,"column":63}},"3":{"start":{"line":25,"column":2},"end":{"line":34,"column":10}},"4":{"start":{"line":26,"column":4},"end":{"line":33,"column":5}},"5":{"start":{"line":27,"column":6},"end":{"line":27,"column":23}},"6":{"start":{"line":28,"column":6},"end":{"line":28,"column":33}},"7":{"start":{"line":29,"column":6},"end":{"line":32,"column":15}},"8":{"start":{"line":30,"column":8},"end":{"line":30,"column":31}},"9":{"start":{"line":31,"column":8},"end":{"line":31,"column":36}},"10":{"start":{"line":36,"column":2},"end":{"line":53,"column":4}}},"fnMap":{"0":{"name":"App","decl":{"start":{"line":19,"column":9},"end":{"line":19,"column":12}},"loc":{"start":{"line":19,"column":15},"end":{"line":54,"column":1}},"line":19},"1":{"name":"(anonymous_1)","decl":{"start":{"line":25,"column":12},"end":{"line":25,"column":13}},"loc":{"start":{"line":25,"column":16},"end":{"line":34,"column":3}},"line":25},"2":{"name":"(anonymous_2)","decl":{"start":{"line":29,"column":17},"end":{"line":29,"column":18}},"loc":{"start":{"line":29,"column":23},"end":{"line":32,"column":7}},"line":29}},"branchMap":{"0":{"loc":{"start":{"line":26,"column":4},"end":{"line":33,"column":5}},"type":"if","locations":[{"start":{"line":26,"column":4},"end":{"line":33,"column":5}},{"start":{},"end":{}}],"line":26},"1":{"loc":{"start":{"line":39,"column":13},"end":{"line":39,"column":53}},"type":"cond-expr","locations":[{"start":{"line":39,"column":29},"end":{"line":39,"column":46}},{"start":{"line":39,"column":49},"end":{"line":39,"column":53}}],"line":39},"2":{"loc":{"start":{"line":41,"column":12},"end":{"line":48,"column":15}},"type":"cond-expr","locations":[{"start":{"line":41,"column":29},"end":{"line":41,"column":73}},{"start":{"line":42,"column":13},"end":{"line":48,"column":15}}],"line":41}},"s":{"0":7,"1":7,"2":7,"3":7,"4":7,"5":0,"6":0,"7":0,"8":0,"9":0,"10":7},"f":{"0":7,"1":7,"2":0},"b":{"0":[0,7],"1":[0,7],"2":[7,0]},"_coverageSchema":"1a1c01bbd47fc00a2c39e90264f33305004495a9","hash":"f9a6d4be581de778c55277c1b13fd6d21913997b"}
,"/Users/justinas/Documents/repos/microgogool/client/src/Components/ContentSecComponents/MainPath.tsx": {"path":"/Users/justinas/Documents/repos/microgogool/client/src/Components/ContentSecComponents/MainPath.tsx","statementMap":{"0":{"start":{"line":14,"column":42},"end":{"line":14,"column":126}},"1":{"start":{"line":16,"column":4},"end":{"line":24,"column":9}},"2":{"start":{"line":17,"column":8},"end":{"line":23,"column":12}},"3":{"start":{"line":19,"column":12},"end":{"line":22,"column":14}},"4":{"start":{"line":21,"column":16},"end":{"line":21,"column":42}},"5":{"start":{"line":26,"column":4},"end":{"line":29,"column":20}},"6":{"start":{"line":31,"column":4},"end":{"line":54,"column":6}},"7":{"start":{"line":35,"column":16},"end":{"line":51,"column":23}},"8":{"start":{"line":44,"column":28},"end":{"line":44,"column":75}},"9":{"start":{"line":44,"column":68},"end":{"line":44,"column":75}},"10":{"start":{"line":45,"column":28},"end":{"line":47,"column":29}}},"fnMap":{"0":{"name":"MainPath","decl":{"start":{"line":12,"column":9},"end":{"line":12,"column":17}},"loc":{"start":{"line":12,"column":20},"end":{"line":55,"column":1}},"line":12},"1":{"name":"(anonymous_1)","decl":{"start":{"line":16,"column":14},"end":{"line":16,"column":15}},"loc":{"start":{"line":16,"column":18},"end":{"line":24,"column":5}},"line":16},"2":{"name":"(anonymous_2)","decl":{"start":{"line":18,"column":16},"end":{"line":18,"column":17}},"loc":{"start":{"line":18,"column":21},"end":{"line":23,"column":11}},"line":18},"3":{"name":"(anonymous_3)","decl":{"start":{"line":20,"column":20},"end":{"line":20,"column":21}},"loc":{"start":{"line":20,"column":31},"end":{"line":22,"column":13}},"line":20},"4":{"name":"(anonymous_4)","decl":{"start":{"line":26,"column":14},"end":{"line":26,"column":15}},"loc":{"start":{"line":26,"column":18},"end":{"line":29,"column":5}},"line":26},"5":{"name":"(anonymous_5)","decl":{"start":{"line":33,"column":29},"end":{"line":33,"column":30}},"loc":{"start":{"line":33,"column":52},"end":{"line":52,"column":13}},"line":33},"6":{"name":"(anonymous_6)","decl":{"start":{"line":43,"column":76},"end":{"line":43,"column":77}},"loc":{"start":{"line":43,"column":104},"end":{"line":48,"column":25}},"line":43}},"branchMap":{"0":{"loc":{"start":{"line":44,"column":28},"end":{"line":44,"column":75}},"type":"if","locations":[{"start":{"line":44,"column":28},"end":{"line":44,"column":75}},{"start":{},"end":{}}],"line":44}},"s":{"0":3,"1":3,"2":2,"3":1,"4":1,"5":3,"6":3,"7":5,"8":30,"9":15,"10":15},"f":{"0":3,"1":2,"2":1,"3":1,"4":3,"5":5,"6":30},"b":{"0":[15,15]},"_coverageSchema":"1a1c01bbd47fc00a2c39e90264f33305004495a9","hash":"157585340fab88b4ec5fc4839ac484e0c78c3922"}
}
