TN:
SF:src/App.tsx
FN:19,App
FN:25,(anonymous_1)
FN:29,(anonymous_2)
FNF:3
FNH:2
FNDA:7,App
FNDA:7,(anonymous_1)
FNDA:0,(anonymous_2)
DA:21,7
DA:22,7
DA:23,7
DA:25,7
DA:26,7
DA:27,0
DA:28,0
DA:29,0
DA:30,0
DA:31,0
DA:36,7
LF:11
LH:6
BRDA:26,0,0,0
BRDA:26,0,1,7
BRDA:39,1,0,0
BRDA:39,1,1,7
BRDA:41,2,0,7
BRDA:41,2,1,0
BRF:6
BRH:3
end_of_record
TN:
SF:src/Components/ContentSecComponents/MainPath.tsx
FN:12,MainPath
FN:16,(anonymous_1)
FN:18,(anonymous_2)
FN:20,(anonymous_3)
FN:26,(anonymous_4)
FN:33,(anonymous_5)
FN:43,(anonymous_6)
FNF:7
FNH:7
FNDA:3,MainPath
FNDA:2,(anonymous_1)
FNDA:1,(anonymous_2)
FNDA:1,(anonymous_3)
FNDA:3,(anonymous_4)
FNDA:5,(anonymous_5)
FNDA:30,(anonymous_6)
DA:14,3
DA:16,3
DA:17,2
DA:19,1
DA:21,1
DA:26,3
DA:31,3
DA:35,5
DA:44,30
DA:45,15
LF:10
LH:10
BRDA:44,0,0,15
BRDA:44,0,1,15
BRF:2
BRH:2
end_of_record
